Idea4theworld_project/android/app/build/intermediates/manifest_merge_blame_file/debug/manifest-merger-blame-debug-report.txt
1<?xml version="1.0" encoding="utf-8"?>
2<manifest xmlns:android="http://schemas.android.com/apk/res/android"
3    package="com.ideafortheworld.bloodtracker"
4    android:versionCode="1"
5    android:versionName="1.0.0" >
6
7    <uses-sdk
8        android:minSdkVersion="21"
9        android:targetSdkVersion="29" />
10
11    <uses-permission android:name="android.permission.SYSTEM_ALERT_WINDOW" />
11-->src/main/AndroidManifest.xml:3:3-75
11-->src/main/AndroidManifest.xml:3:20-73
12    <uses-permission android:name="android.permission.INTERNET" />
12-->src/main/AndroidManifest.xml:2:3-64
12-->src/main/AndroidManifest.xml:2:20-62
13    <uses-permission android:name="android.permission.READ_PHONE_STATE" />
13-->src/main/AndroidManifest.xml:4:3-72
13-->src/main/AndroidManifest.xml:4:20-70
14    <uses-permission android:name="android.permission.USE_FINGERPRINT" />
14-->src/main/AndroidManifest.xml:5:3-71
14-->src/main/AndroidManifest.xml:5:20-69
15    <uses-permission android:name="android.permission.USE_BIOMETRIC" />
15-->src/main/AndroidManifest.xml:6:3-69
15-->src/main/AndroidManifest.xml:6:20-67
16    <uses-permission android:name="android.permission.VIBRATE" />
16-->src/main/AndroidManifest.xml:7:3-63
16-->src/main/AndroidManifest.xml:7:20-61
17    <uses-permission android:name="android.permission.MODIFY_AUDIO_SETTINGS" />
17-->src/main/AndroidManifest.xml:8:3-77
17-->src/main/AndroidManifest.xml:8:20-75
18    <uses-permission android:name="android.permission.ACCESS_COARSE_LOCATION" />
18-->src/main/AndroidManifest.xml:9:3-78
18-->src/main/AndroidManifest.xml:9:20-76
19    <uses-permission android:name="android.permission.ACCESS_FINE_LOCATION" />
19-->src/main/AndroidManifest.xml:10:3-76
19-->src/main/AndroidManifest.xml:10:20-74
20    <uses-permission android:name="android.permission.ACCESS_BACKGROUND_LOCATION" />
20-->src/main/AndroidManifest.xml:11:3-82
20-->src/main/AndroidManifest.xml:11:20-80
21    <uses-permission android:name="android.permission.CAMERA" />
21-->src/main/AndroidManifest.xml:12:3-62
21-->src/main/AndroidManifest.xml:12:20-60
22    <uses-permission android:name="android.permission.RECORD_AUDIO" />
22-->src/main/AndroidManifest.xml:13:3-68
22-->src/main/AndroidManifest.xml:13:20-66
23    <uses-permission android:name="android.permission.READ_CONTACTS" />
23-->src/main/AndroidManifest.xml:14:3-69
23-->src/main/AndroidManifest.xml:14:20-67
24    <uses-permission android:name="android.permission.WRITE_CONTACTS" />
24-->src/main/AndroidManifest.xml:15:3-70
24-->src/main/AndroidManifest.xml:15:20-68
25    <uses-permission android:name="android.permission.READ_CALENDAR" />
25-->src/main/AndroidManifest.xml:16:3-69
25-->src/main/AndroidManifest.xml:16:20-67
26    <uses-permission android:name="android.permission.WRITE_CALENDAR" />
26-->src/main/AndroidManifest.xml:17:3-70
26-->src/main/AndroidManifest.xml:17:20-68
27    <uses-permission android:name="android.permission.READ_EXTERNAL_STORAGE" />
27-->src/main/AndroidManifest.xml:18:3-77
27-->src/main/AndroidManifest.xml:18:20-75
28    <uses-permission android:name="android.permission.WRITE_EXTERNAL_STORAGE" />
28-->src/main/AndroidManifest.xml:19:3-78
28-->src/main/AndroidManifest.xml:19:20-76
29    <uses-permission android:name="android.permission.WRITE_SETTINGS" />
29-->src/main/AndroidManifest.xml:20:3-70
29-->src/main/AndroidManifest.xml:20:20-68
30    <uses-permission android:name="android.permission.ACCESS_NETWORK_STATE" />
30-->src/main/AndroidManifest.xml:21:3-76
30-->src/main/AndroidManifest.xml:21:20-74
31    <uses-permission android:name="android.permission.WAKE_LOCK" />
31-->src/main/AndroidManifest.xml:22:3-65
31-->src/main/AndroidManifest.xml:22:20-63
32    <uses-permission android:name="com.google.android.c2dm.permission.RECEIVE" />
32-->src/main/AndroidManifest.xml:23:3-79
32-->src/main/AndroidManifest.xml:23:20-77
33    <uses-permission android:name="android.permission.ACCESS_WIFI_STATE" />
33-->[com.facebook.flipper:flipper:0.54.0] AndroidManifest.xml:16:5-76
33-->[com.facebook.flipper:flipper:0.54.0] AndroidManifest.xml:16:22-73
34    <uses-permission android:name="android.permission.FOREGROUND_SERVICE" />
34-->[:expo-location] AndroidManifest.xml:13:5-77
34-->[:expo-location] AndroidManifest.xml:13:22-74
35    <uses-permission android:name="com.google.android.finsky.permission.BIND_GET_INSTALL_REFERRER_SERVICE" />
35-->[com.android.installreferrer:installreferrer:1.0] AndroidManifest.xml:9:5-110
35-->[com.android.installreferrer:installreferrer:1.0] AndroidManifest.xml:9:22-107
36    <uses-permission android:name="com.google.android.providers.gsf.permission.READ_GSERVICES" />
36-->[io.nlopez.smartlocation:library:3.2.11] AndroidManifest.xml:15:5-98
36-->[io.nlopez.smartlocation:library:3.2.11] AndroidManifest.xml:15:22-95
37    <uses-permission android:name="com.google.android.gms.permission.ACTIVITY_RECOGNITION" />
37-->[io.nlopez.smartlocation:library:3.2.11] AndroidManifest.xml:16:5-94
37-->[io.nlopez.smartlocation:library:3.2.11] AndroidManifest.xml:16:22-91
38
39    <application
39-->src/main/AndroidManifest.xml:24:3-43:17
40        android:name="com.ideafortheworld.bloodtracker.MainApplication"
40-->src/main/AndroidManifest.xml:24:16-47
41        android:allowBackup="true"
41-->src/main/AndroidManifest.xml:24:162-188
42        android:appComponentFactory="androidx.core.app.CoreComponentFactory"
42-->[androidx.core:core:1.3.0] AndroidManifest.xml:24:18-86
43        android:debuggable="true"
44        android:icon="@mipmap/ic_launcher"
44-->src/main/AndroidManifest.xml:24:81-115
45        android:label="@string/app_name"
45-->src/main/AndroidManifest.xml:24:48-80
46        android:roundIcon="@mipmap/ic_launcher_round"
46-->src/main/AndroidManifest.xml:24:116-161
47        android:theme="@style/AppTheme"
47-->src/main/AndroidManifest.xml:24:189-220
48        android:usesCleartextTraffic="true" >
48-->src/debug/AndroidManifest.xml:6:18-53
49        <meta-data
49-->src/main/AndroidManifest.xml:25:5-119
50            android:name="expo.modules.updates.EXPO_UPDATE_URL"
50-->src/main/AndroidManifest.xml:25:16-67
51            android:value="https://exp.host/@cavishek/iBlood" />
51-->src/main/AndroidManifest.xml:25:68-117
52        <meta-data
52-->src/main/AndroidManifest.xml:26:5-93
53            android:name="expo.modules.updates.EXPO_SDK_VERSION"
53-->src/main/AndroidManifest.xml:26:16-68
54            android:value="40.0.0" />
54-->src/main/AndroidManifest.xml:26:69-91
55        <meta-data
55-->src/main/AndroidManifest.xml:27:5-82
56            android:name="expo.modules.updates.ENABLED"
56-->src/main/AndroidManifest.xml:27:16-59
57            android:value="true" />
57-->src/main/AndroidManifest.xml:27:60-80
58        <meta-data
58-->src/main/AndroidManifest.xml:28:5-105
59            android:name="expo.modules.updates.EXPO_UPDATES_CHECK_ON_LAUNCH"
59-->src/main/AndroidManifest.xml:28:16-80
60            android:value="ALWAYS" />
60-->src/main/AndroidManifest.xml:28:81-103
61        <meta-data
61-->src/main/AndroidManifest.xml:29:5-99
62            android:name="expo.modules.updates.EXPO_UPDATES_LAUNCH_WAIT_MS"
62-->src/main/AndroidManifest.xml:29:16-79
63            android:value="0" />
63-->src/main/AndroidManifest.xml:29:80-97
64
65        <activity
65-->src/main/AndroidManifest.xml:30:5-41:16
66            android:name="com.ideafortheworld.bloodtracker.MainActivity"
66-->src/main/AndroidManifest.xml:30:15-43
67            android:configChanges="keyboard|keyboardHidden|orientation|screenSize|uiMode"
67-->src/main/AndroidManifest.xml:30:77-154
68            android:label="@string/app_name"
68-->src/main/AndroidManifest.xml:30:44-76
69            android:launchMode="singleTask"
69-->src/main/AndroidManifest.xml:30:155-186
70            android:screenOrientation="portrait"
70-->src/main/AndroidManifest.xml:30:276-312
71            android:theme="@style/Theme.App.SplashScreen"
71-->src/main/AndroidManifest.xml:30:230-275
72            android:windowSoftInputMode="adjustResize" >
72-->src/main/AndroidManifest.xml:30:187-229
73            <intent-filter>
73-->src/main/AndroidManifest.xml:31:7-34:23
74                <action android:name="android.intent.action.MAIN" />
74-->src/main/AndroidManifest.xml:32:9-60
74-->src/main/AndroidManifest.xml:32:17-58
75
76                <category android:name="android.intent.category.LAUNCHER" />
76-->src/main/AndroidManifest.xml:33:9-68
76-->src/main/AndroidManifest.xml:33:19-66
77            </intent-filter>
78            <intent-filter>
78-->src/main/AndroidManifest.xml:35:7-40:23
79                <action android:name="android.intent.action.VIEW" />
79-->src/main/AndroidManifest.xml:36:9-60
79-->src/main/AndroidManifest.xml:36:17-58
80
81                <category android:name="android.intent.category.DEFAULT" />
81-->src/main/AndroidManifest.xml:37:9-67
81-->src/main/AndroidManifest.xml:37:19-65
82                <category android:name="android.intent.category.BROWSABLE" />
82-->src/main/AndroidManifest.xml:38:9-69
82-->src/main/AndroidManifest.xml:38:19-67
83
84                <data android:scheme="com.ideafortheworld.bloodtracker" />
84-->src/main/AndroidManifest.xml:39:9-66
84-->src/main/AndroidManifest.xml:39:15-64
85            </intent-filter>
86        </activity>
87        <activity android:name="com.facebook.react.devsupport.DevSettingsActivity" />
87-->src/main/AndroidManifest.xml:42:5-81
87-->src/main/AndroidManifest.xml:42:15-79
88
89        <meta-data
89-->[:unimodules-react-native-adapter] AndroidManifest.xml:12:9-14:91
90            android:name="org.unimodules.core.AppLoader#react-native-headless"
90-->[:unimodules-react-native-adapter] AndroidManifest.xml:13:13-79
91            android:value="org.unimodules.adapters.react.apploader.RNHeadlessAppLoader" />
91-->[:unimodules-react-native-adapter] AndroidManifest.xml:14:13-88
92
93        <provider
93-->[:expo-file-system] AndroidManifest.xml:17:9-26:20
94            android:name="expo.modules.filesystem.FileSystemFileProvider"
94-->[:expo-file-system] AndroidManifest.xml:18:13-74
95            android:authorities="com.ideafortheworld.bloodtracker.FileSystemFileProvider"
95-->[:expo-file-system] AndroidManifest.xml:19:13-74
96            android:exported="false"
96-->[:expo-file-system] AndroidManifest.xml:20:13-37
97            android:grantUriPermissions="true" >
97-->[:expo-file-system] AndroidManifest.xml:21:13-47
98            <meta-data
98-->[:expo-file-system] AndroidManifest.xml:23:13-25:70
99                android:name="android.support.FILE_PROVIDER_PATHS"
99-->[:expo-file-system] AndroidManifest.xml:24:17-67
100                android:resource="@xml/file_system_provider_paths" />
100-->[:expo-file-system] AndroidManifest.xml:25:17-67
101        </provider>
102
103        <service
103-->[:expo-location] AndroidManifest.xml:16:9-18:40
104            android:name="expo.modules.location.services.LocationTaskService"
104-->[:expo-location] AndroidManifest.xml:17:13-78
105            android:exported="false" />
105-->[:expo-location] AndroidManifest.xml:18:13-37
106
107        <activity
107-->[com.google.android.gms:play-services-base:16.0.1] AndroidManifest.xml:23:9-26:75
108            android:name="com.google.android.gms.common.api.GoogleApiActivity"
108-->[com.google.android.gms:play-services-base:16.0.1] AndroidManifest.xml:24:13-79
109            android:exported="false"
109-->[com.google.android.gms:play-services-base:16.0.1] AndroidManifest.xml:25:13-37
110            android:theme="@android:style/Theme.Translucent.NoTitleBar" />
110-->[com.google.android.gms:play-services-base:16.0.1] AndroidManifest.xml:26:13-72
111
112        <meta-data
112-->[com.google.android.gms:play-services-basement:16.0.1] AndroidManifest.xml:23:9-25:69
113            android:name="com.google.android.gms.version"
113-->[com.google.android.gms:play-services-basement:16.0.1] AndroidManifest.xml:24:13-58
114            android:value="@integer/google_play_services_version" />
114-->[com.google.android.gms:play-services-basement:16.0.1] AndroidManifest.xml:25:13-66
115
116        <service
116-->[androidx.room:room-runtime:2.1.0] AndroidManifest.xml:25:9-27:40
117            android:name="androidx.room.MultiInstanceInvalidationService"
117-->[androidx.room:room-runtime:2.1.0] AndroidManifest.xml:26:13-74
118            android:exported="false" />
118-->[androidx.room:room-runtime:2.1.0] AndroidManifest.xml:27:13-37
119        <service
119-->[io.nlopez.smartlocation:library:3.2.11] AndroidManifest.xml:19:9-21:40
120            android:name="io.nlopez.smartlocation.activity.providers.ActivityGooglePlayServicesProvider$ActivityRecognitionService"
120-->[io.nlopez.smartlocation:library:3.2.11] AndroidManifest.xml:20:13-132
121            android:exported="false" />
121-->[io.nlopez.smartlocation:library:3.2.11] AndroidManifest.xml:21:13-37
122        <service
122-->[io.nlopez.smartlocation:library:3.2.11] AndroidManifest.xml:22:9-24:40
123            android:name="io.nlopez.smartlocation.geofencing.providers.GeofencingGooglePlayServicesProvider$GeofencingService"
123-->[io.nlopez.smartlocation:library:3.2.11] AndroidManifest.xml:23:13-127
124            android:exported="false" />
124-->[io.nlopez.smartlocation:library:3.2.11] AndroidManifest.xml:24:13-37
125        <service
125-->[io.nlopez.smartlocation:library:3.2.11] AndroidManifest.xml:25:9-27:40
126            android:name="io.nlopez.smartlocation.geocoding.providers.AndroidGeocodingProvider$AndroidGeocodingService"
126-->[io.nlopez.smartlocation:library:3.2.11] AndroidManifest.xml:26:13-120
127            android:exported="false" />
127-->[io.nlopez.smartlocation:library:3.2.11] AndroidManifest.xml:27:13-37
128    </application>
129
130</manifest>